Starting server.js...
Dotenv loaded
Libraries loaded
User model loaded
Auth middleware loaded
Express middleware configured
Attempting DB connection to: mongodb://localhost:27017/sachi
Server running on port 4000
MongoDB connected successfully
Starting server.js...
Dotenv loaded
Libraries loaded
User model loaded
Auth middleware loaded
Express middleware configured
Attempting DB connection to: mongodb://localhost:27017/sachi
Server running on port 4000
MongoDB connected successfully
Starting server.js...
Dotenv loaded
Libraries loaded
User model loaded
Auth middleware loaded
Express middleware configured
Attempting DB connection to: mongodb://localhost:27017/sachi
Server running on port 4000
MongoDB connected successfully
Starting server.js...
Dotenv loaded
Libraries loaded
User model loaded
Auth middleware loaded
Express middleware configured
Attempting DB connection to: mongodb://localhost:27017/sachi
Server running on port 4000
MongoDB connected successfully
